[LOG] System::create                           : Header version = 2.02.18. Current version = 2.02.18.
[LOG] Manager::init                            : maxchannels = 256 studioflags = 00000006 flags 00000000 extradriverdata 0000000000000000.
[LOG] SystemI::init                            : Initialize version=20218 (137105), maxchannels=256, flags=0x00020000
[LOG] SystemI::setOutputInternal               : Setting output to 'FMOD WASAPI Output'
[LOG] OutputWASAPI::init                       : Mix Format (WAVEFORMATEX): wFormatTag=0xFFFE, nChannels=2, nSamplesPerSec=48000, nAvgBytesPerSec=384000, nBlockAlign=8, wBitsPerSample=32, cbSize=22.
[LOG] OutputWASAPI::init                       : Mix Format (WAVEFORMATEXTENSIBLE): wValidBitsPerSample=32, dwChannelMask=0x00000003, SubFormat=00000003-0000-0010-8000-00AA00389B71.
[LOG] OutputWASAPI::init                       : Output buffer size: 4096 samples, latency: 0.00ms, period: 10.00ms, DSP buffer: 1024 * 4
[LOG] Thread::initThread                       : Init FMOD stream thread. Affinity: 0x4000000000000003, Priority: 0xFFFF7FFB, Stack Size: 98304, Semaphore: No, Sleep Time: 10, Looping: Yes.
[LOG] Thread::initThread                       : Init FMOD mixer thread. Affinity: 0x4000000000000001, Priority: 0xFFFF7FFA, Stack Size: 81920, Semaphore: No, Sleep Time: 0, Looping: Yes.
[LOG] AsyncManager::init                       : manager 000001C3F0746F48 isAsync 0 updatePeriod 0.02
[LOG] AsyncManager::init                       : done
[LOG] PlaybackSystem::init                     : 
[LOG] Thread::initThread                       : Init FMOD Studio sample load thread. Affinity: 0x4000000000000003, Priority: 0xFFFF7FFD, Stack Size: 98304, Semaphore: No, Sleep Time: 1, Looping: No.
[LOG] PlaybackSystem::init                     : done
[LOG] Thread::initThread                       : Init FMOD Studio bank load thread. Affinity: 0x4000000000000003, Priority: 0xFFFF7FFD, Stack Size: 98304, Semaphore: No, Sleep Time: 1, Looping: No.
[LOG] Manager::init                            : done.
[LOG] Manager::readBank                        : fileversion = 142, compatVersion = 140 (oldest = 44, newest = 142)
[LOG] Manager::readBank                        : fileversion = 142, compatVersion = 140 (oldest = 44, newest = 142)
[LOG] Manager::readBank                        : fileversion = 142, compatVersion = 140 (oldest = 44, newest = 142)
[LOG] PlaybackSystem::acquireMasterBus         : Setting master channel group format to 6
[LOG] SystemI::createSoundInternal             : Create name='', mode=0x02000202
[LOG] SystemI::createSoundInternal             : exinfo->cbsize             = 224
[LOG] SystemI::createSoundInternal             : exinfo->length             = 2890624
[LOG] SystemI::createSoundInternal             : exinfo->fileoffset         = 30624
[LOG] SystemI::createSoundInternal             : exinfo->numsubsounds       = 1
[LOG] SystemI::createSoundInternal             : exinfo->inclusionlist      = 00000073C4C5F008
[LOG] SystemI::createSoundInternal             : exinfo->inclusionlistnum   = 1
[LOG] SystemI::createSoundInternal             : exinfo->suggestedsoundtype = 5
[LOG] SystemI::createSoundInternal             : exinfo->useropen           = 00007FFD7D1B3FA0
[LOG] SystemI::createSoundInternal             : exinfo->userclose          = 00007FFD7D1B3F60
[LOG] SystemI::createSoundInternal             : exinfo->userread           = 00007FFD7D1B4080
[LOG] SystemI::createSoundInternal             : exinfo->userseek           = 00007FFD7D1B4140
[LOG] SystemI::createSoundInternal             : exinfo->fileuserdata       = 000001C2A0B13948
[LOG] SystemI::createSoundInternal             : exinfo->initialseekpostype = 1
[LOG] SystemI::DSPCodecPoolRegister            : register codec pool for pool type 5
[LOG] SystemI::createSoundInternal             : Sample 0/1: name='Wolf Swipe', format=5, channels=1, frequency=48000, lengthbytes=3264, lengthpcm=28828, pcmblocksize=0, loopstart=0, loopend=0, mode=0x00000000, channelmask=0x00000000, channelorder=0, peakvolume=0.423034.
[LOG] SystemI::createSoundInternal             : Create name='', mode=0x02000202
[LOG] SystemI::createSoundInternal             : exinfo->cbsize             = 224
[LOG] SystemI::createSoundInternal             : exinfo->length             = 2890624
[LOG] SystemI::createSoundInternal             : exinfo->fileoffset         = 30624
[LOG] SystemI::createSoundInternal             : exinfo->numsubsounds       = 1
[LOG] SystemI::createSoundInternal             : exinfo->inclusionlist      = 00000073C4C5F008
[LOG] SystemI::createSoundInternal             : exinfo->inclusionlistnum   = 1
[LOG] SystemI::createSoundInternal             : exinfo->suggestedsoundtype = 5
[LOG] SystemI::createSoundInternal             : exinfo->useropen           = 00007FFD7D1B3FA0
[LOG] SystemI::createSoundInternal             : exinfo->userclose          = 00007FFD7D1B3F60
[LOG] SystemI::createSoundInternal             : exinfo->userread           = 00007FFD7D1B4080
[LOG] SystemI::createSoundInternal             : exinfo->userseek           = 00007FFD7D1B4140
[LOG] SystemI::createSoundInternal             : exinfo->fileuserdata       = 000001C410F38708
[LOG] SystemI::createSoundInternal             : exinfo->initialseekpostype = 1
[LOG] SystemI::DSPCodecPoolRegister            : register codec pool for pool type 5
[LOG] SystemI::createSoundInternal             : Sample 0/1: name='Elana Footstep Placeholder', format=5, channels=2, frequency=48000, lengthbytes=2976, lengthpcm=10613, pcmblocksize=0, loopstart=0, loopend=0, mode=0x00000000, channelmask=0x00000000, channelorder=0, peakvolume=0.140790.
[LOG] SystemI::createSoundInternal             : Create name='', mode=0x02000202
[LOG] SystemI::createSoundInternal             : exinfo->cbsize             = 224
[LOG] SystemI::createSoundInternal             : exinfo->length             = 2890624
[LOG] SystemI::createSoundInternal             : exinfo->fileoffset         = 30624
[LOG] SystemI::createSoundInternal             : exinfo->numsubsounds       = 1
[LOG] SystemI::createSoundInternal             : exinfo->inclusionlist      = 00000073C4C5F008
[LOG] SystemI::createSoundInternal             : exinfo->inclusionlistnum   = 1
[LOG] SystemI::createSoundInternal             : exinfo->suggestedsoundtype = 5
[LOG] SystemI::createSoundInternal             : exinfo->useropen           = 00007FFD7D1B3FA0
[LOG] SystemI::createSoundInternal             : exinfo->userclose          = 00007FFD7D1B3F60
[LOG] SystemI::createSoundInternal             : exinfo->userread           = 00007FFD7D1B4080
[LOG] SystemI::createSoundInternal             : exinfo->userseek           = 00007FFD7D1B4140
[LOG] SystemI::createSoundInternal             : exinfo->fileuserdata       = 000001C40A649008
[LOG] SystemI::createSoundInternal             : exinfo->initialseekpostype = 1
[LOG] SystemI::DSPCodecPoolRegister            : register codec pool for pool type 5
[LOG] SystemI::createSoundInternal             : Sample 0/1: name='Wave Dash', format=5, channels=2, frequency=48000, lengthbytes=1440, lengthpcm=5999, pcmblocksize=0, loopstart=0, loopend=0, mode=0x00000000, channelmask=0x00000000, channelorder=0, peakvolume=0.561007.
[LOG] SystemI::createSoundInternal             : Create name='', mode=0x02000202
[LOG] SystemI::createSoundInternal             : exinfo->cbsize             = 224
[LOG] SystemI::createSoundInternal             : exinfo->length             = 2890624
[LOG] SystemI::createSoundInternal             : exinfo->fileoffset         = 30624
[LOG] SystemI::createSoundInternal             : exinfo->numsubsounds       = 1
[LOG] SystemI::createSoundInternal             : exinfo->inclusionlist      = 00000073C4C5F008
[LOG] SystemI::createSoundInternal             : exinfo->inclusionlistnum   = 1
[LOG] SystemI::createSoundInternal             : exinfo->suggestedsoundtype = 5
[LOG] SystemI::createSoundInternal             : exinfo->useropen           = 00007FFD7D1B3FA0
[LOG] SystemI::createSoundInternal             : exinfo->userclose          = 00007FFD7D1B3F60
[LOG] SystemI::createSoundInternal             : exinfo->userread           = 00007FFD7D1B4080
[LOG] SystemI::createSoundInternal             : exinfo->userseek           = 00007FFD7D1B4140
[LOG] SystemI::createSoundInternal             : exinfo->fileuserdata       = 000001C41189F428
[LOG] SystemI::createSoundInternal             : exinfo->initialseekpostype = 1
[LOG] SystemI::DSPCodecPoolRegister            : register codec pool for pool type 5
[LOG] SystemI::createSoundInternal             : Sample 0/1: name='Elana Shoot', format=5, channels=1, frequency=48000, lengthbytes=2048, lengthpcm=6445, pcmblocksize=0, loopstart=0, loopend=0, mode=0x00000000, channelmask=0x00000000, channelorder=0, peakvolume=0.164063.
[LOG] SystemI::createSoundInternal             : Create name='', mode=0x02000202
[LOG] SystemI::createSoundInternal             : exinfo->cbsize             = 224
[LOG] SystemI::createSoundInternal             : exinfo->length             = 2890624
[LOG] SystemI::createSoundInternal             : exinfo->fileoffset         = 30624
[LOG] SystemI::createSoundInternal             : exinfo->numsubsounds       = 1
[LOG] SystemI::createSoundInternal             : exinfo->inclusionlist      = 00000073C4C5F008
[LOG] SystemI::createSoundInternal             : exinfo->inclusionlistnum   = 1
[LOG] SystemI::createSoundInternal             : exinfo->suggestedsoundtype = 5
[LOG] SystemI::createSoundInternal             : exinfo->useropen           = 00007FFD7D1B3FA0
[LOG] SystemI::createSoundInternal             : exinfo->userclose          = 00007FFD7D1B3F60
[LOG] SystemI::createSoundInternal             : exinfo->userread           = 00007FFD7D1B4080
[LOG] SystemI::createSoundInternal             : exinfo->userseek           = 00007FFD7D1B4140
[LOG] SystemI::createSoundInternal             : exinfo->fileuserdata       = 000001C41189D748
[LOG] SystemI::createSoundInternal             : exinfo->initialseekpostype = 1
[LOG] SystemI::DSPCodecPoolRegister            : register codec pool for pool type 5
[LOG] SystemI::createSoundInternal             : Sample 0/1: name='Elana Hit Success', format=5, channels=1, frequency=48000, lengthbytes=1888, lengthpcm=8461, pcmblocksize=0, loopstart=0, loopend=0, mode=0x00000000, channelmask=0x00000000, channelorder=0, peakvolume=0.125000.
[LOG] SoundI::release                          :  (000001C3AB0D6F08)
[LOG] SoundI::release                          :     Wave Dash (000001C2D8D72078)
[LOG] SoundI::release                          :  (000001C407CC3888)
[LOG] SoundI::release                          :     Wolf Swipe (000001C3839773C8)
[LOG] SoundI::release                          :  (000001C3DBF231C8)
[LOG] SoundI::release                          :     Elana Footstep Placeholder (000001C22B389098)
[LOG] SoundI::release                          :  (000001C419852678)
[LOG] SoundI::release                          :     Elana Shoot (000001C404D375D8)
[LOG] SoundI::release                          :  (000001C419852C38)
[LOG] SoundI::release                          :     Elana Hit Success (000001C404D37918)
[LOG] SoundI::release                          :  (000001C3F23609E8)
[LOG] SoundI::release                          :     Dragonfly Default (000001C2A2F279E8)
[LOG] SoundI::release                          :  (000001C3F235D908)
[LOG] SoundI::release                          :     Golem Hum (000001C2A2F29C08)
[LOG] SoundI::release                          :  (000001C3F235DBE8)
[LOG] SoundI::release                          :     background noise (000001C2A2F26668)
[LOG] Thread::callback                         : FMOD Studio update thread finished.
[LOG] Thread::callback                         : FMOD Studio bank load thread finished.
[LOG] Profile::disconnectAll                   : Profiler disconnecting all clients
[LOG] Thread::callback                         : FMOD Studio sample load thread finished.
[LOG] LiveUpdate::release                      : 
[LOG] LiveUpdate::reset                        : Reset connection (reason Disconnected)
[LOG] Thread::callback                         : FMOD stream thread finished.
[LOG] Thread::callback                         : FMOD mixer thread finished.
[LOG] Profile::disconnectAll                   : Profiler disconnecting all clients
[LOG] SystemI::close                           : Closed.
[LOG] Thread::callback                         : FMOD Studio bank load thread finished.
[LOG] Thread::callback                         : FMOD Studio sample load thread finished.
[LOG] LiveUpdate::release                      : 
[LOG] LiveUpdate::reset                        : Reset connection (reason Disconnected)
[LOG] Thread::callback                         : FMOD stream thread finished.
[LOG] Thread::callback                         : FMOD mixer thread finished.
[LOG] SystemI::close                           : Closed.
